<?xml version="1.0" encoding="UTF-8"?>
<!-- Generated by org.testng.reporters.JUnitXMLReporter -->
<testsuite ignored="0" hostname="DESKTOP-P2BVMSV" failures="0" tests="3" name="Default test" time="97.966" errors="0" timestamp="2024-03-10T21:49:55 BDT">
  <testcase classname="project.tests.LoginTest" name="loginTest" time="30.99"/>
  <testcase classname="project.tests.LoginTest" name="DashboardTest" time="18.23"/>
  <testcase classname="project.tests.LoginTest" name="SearchTest" time="30.078"/>
</testsuite> <!-- Default test -->
