<?xml version="1.0" encoding="UTF-8"?>
<testng-results ignored="0" total="4" passed="4" failed="0" skipped="0">
  <reporter-output>
  </reporter-output>
  <suite started-at="2024-02-22T13:32:20 BDT" name="Default suite" finished-at="2024-02-22T13:33:59 BDT" duration-ms="98536">
    <groups>
    </groups>
    <test started-at="2024-02-22T13:32:20 BDT" name="Default test" finished-at="2024-02-22T13:33:59 BDT" duration-ms="98536">
      <class name="project.tests.LoginTest">
        <test-method is-config="true" signature="start()[pri:0, instance:project.tests.LoginTest@248e319b]" started-at="2024-02-22T13:32:18 BDT" name="start" finished-at="2024-02-22T13:32:20 BDT" duration-ms="1833" status="PASS">
          <reporter-output>
          </reporter-output>
        </test-method> <!-- start -->
        <test-method is-config="true" signature="openUrl()[pri:0, instance:project.tests.LoginTest@248e319b]" started-at="2024-02-22T13:32:20 BDT" name="openUrl" finished-at="2024-02-22T13:32:24 BDT" duration-ms="4096" status="PASS">
          <reporter-output>
          </reporter-output>
        </test-method> <!-- openUrl -->
        <test-method signature="loginTest()[pri:0, instance:project.tests.LoginTest@248e319b]" started-at="2024-02-22T13:32:24 BDT" name="loginTest" finished-at="2024-02-22T13:32:37 BDT" duration-ms="12516" status="PASS">
          <reporter-output>
          </reporter-output>
        </test-method> <!-- loginTest -->
        <test-method signature="DashboardTest()[pri:1, instance:project.tests.LoginTest@248e319b]" started-at="2024-02-22T13:32:37 BDT" name="DashboardTest" finished-at="2024-02-22T13:33:18 BDT" duration-ms="41272" status="PASS">
          <reporter-output>
          </reporter-output>
        </test-method> <!-- DashboardTest -->
        <test-method signature="SearchTest()[pri:2, instance:project.tests.LoginTest@248e319b]" started-at="2024-02-22T13:33:18 BDT" name="SearchTest" finished-at="2024-02-22T13:33:39 BDT" duration-ms="21088" status="PASS">
          <reporter-output>
          </reporter-output>
        </test-method> <!-- SearchTest -->
        <test-method signature="CancelOderTest()[pri:3, instance:project.tests.LoginTest@248e319b]" started-at="2024-02-22T13:33:39 BDT" name="CancelOderTest" finished-at="2024-02-22T13:33:59 BDT" duration-ms="19522" status="PASS">
          <reporter-output>
          </reporter-output>
        </test-method> <!-- CancelOderTest -->
        <test-method is-config="true" signature="close()[pri:0, instance:project.tests.LoginTest@248e319b]" started-at="2024-02-22T13:33:59 BDT" name="close" finished-at="2024-02-22T13:33:59 BDT" duration-ms="229" status="PASS">
          <reporter-output>
          </reporter-output>
        </test-method> <!-- close -->
      </class> <!-- project.tests.LoginTest -->
    </test> <!-- Default test -->
  </suite> <!-- Default suite -->
</testng-results>
