<?xml version="1.0" encoding="UTF-8"?>
<testng-results ignored="0" total="2" passed="2" failed="0" skipped="0">
  <reporter-output>
  </reporter-output>
  <suite started-at="2024-02-17T20:03:45 BDT" name="Default suite" finished-at="2024-02-17T20:04:35 BDT" duration-ms="49351">
    <groups>
    </groups>
    <test started-at="2024-02-17T20:03:45 BDT" name="Default test" finished-at="2024-02-17T20:04:35 BDT" duration-ms="49351">
      <class name="project.tests.LoginTest">
        <test-method is-config="true" signature="start()[pri:0, instance:project.tests.LoginTest@27406a17]" started-at="2024-02-17T20:03:43 BDT" name="start" finished-at="2024-02-17T20:03:45 BDT" duration-ms="1827" status="PASS">
          <reporter-output>
          </reporter-output>
        </test-method> <!-- start -->
        <test-method is-config="true" signature="openUrl()[pri:0, instance:project.tests.LoginTest@27406a17]" started-at="2024-02-17T20:03:45 BDT" name="openUrl" finished-at="2024-02-17T20:03:50 BDT" duration-ms="4522" status="PASS">
          <reporter-output>
          </reporter-output>
        </test-method> <!-- openUrl -->
        <test-method signature="loginTest()[pri:0, instance:project.tests.LoginTest@27406a17]" started-at="2024-02-17T20:03:50 BDT" name="loginTest" finished-at="2024-02-17T20:03:59 BDT" duration-ms="9630" status="PASS">
          <reporter-output>
          </reporter-output>
        </test-method> <!-- loginTest -->
        <test-method signature="DashboardTest()[pri:1, instance:project.tests.LoginTest@27406a17]" started-at="2024-02-17T20:03:59 BDT" name="DashboardTest" finished-at="2024-02-17T20:04:35 BDT" duration-ms="35157" status="PASS">
          <reporter-output>
          </reporter-output>
        </test-method> <!-- DashboardTest -->
        <test-method is-config="true" signature="close()[pri:0, instance:project.tests.LoginTest@27406a17]" started-at="2024-02-17T20:04:35 BDT" name="close" finished-at="2024-02-17T20:04:35 BDT" duration-ms="202" status="PASS">
          <reporter-output>
          </reporter-output>
        </test-method> <!-- close -->
      </class> <!-- project.tests.LoginTest -->
    </test> <!-- Default test -->
  </suite> <!-- Default suite -->
</testng-results>
